<?xml version="1.0" encoding="UTF-8"?>
<!-- Generated by org.testng.reporters.JUnitXMLReporter -->
<testsuite hostname="LAPTOP-BTHT953O" name="Test" tests="3" failures="0" timestamp="17 Oct 2023 21:13:10 GMT" time="17.668" errors="0">
  <testcase name="amazon" time="5.903" classname="com.testingTrue.AmazonTest"/>
  <testcase name="orangehrm" time="9.085" classname="com.testingTrue.OrangeHRMTest"/>
  <testcase name="fb" time="2.66" classname="com.testingTrue.FacebookTest"/>
</testsuite> <!-- Test -->
