<?xml version="1.0" encoding="UTF-8"?>
<!-- Generated by org.testng.reporters.JUnitXMLReporter -->
<testsuite hostname="LAPTOP-BTHT953O" name="Test" tests="3" failures="0" timestamp="5 Oct 2023 00:42:52 GMT" time="19.262" errors="0">
  <testcase name="amazon" time="6.519" classname="com.testingTrue.AmazonTest"/>
  <testcase name="orangehrm" time="9.638" classname="com.testingTrue.OrangeHRMTest"/>
  <testcase name="fb" time="3.078" classname="com.testingTrue.FacebookTest"/>
</testsuite> <!-- Test -->
