<?xml version="1.0" encoding="UTF-8"?>
<!-- Generated by org.testng.reporters.JUnitXMLReporter -->
<testsuite hostname="LAPTOP-BTHT953O" ignored="2" name="Test" tests="3" failures="0" timestamp="17 Oct 2023 21:17:41 GMT" time="13.878" errors="0">
  <testcase name="amazon" time="6.293" classname="com.testingTrue.AmazonTest"/>
  <testcase name="orangehrm" time="4.976" classname="com.testingTrue.OrangeHRMTest"/>
  <testcase name="fb" time="2.605" classname="com.testingTrue.FacebookTest"/>
  <testcase name="gmail" time="0.0" classname="com.testingTrue.GmailTest">
    <ignored/>
  </testcase> <!-- gmail -->
  <testcase name="ihg" time="0.0" classname="com.testingTrue.IHGTest">
    <ignored/>
  </testcase> <!-- ihg -->
</testsuite> <!-- Test -->
