<?xml version="1.0" encoding="UTF-8"?>
<!-- Generated by org.testng.reporters.JUnitXMLReporter -->
<testsuite hostname="LAPTOP-BTHT953O" ignored="2" name="Test" tests="3" failures="0" timestamp="06 Oct 2023 01:09:22 GMT" time="16.694" errors="0">
  <testcase name="amazon" time="7.086" classname="com.testingTrue.AmazonTest"/>
  <testcase name="orangehrm" time="5.877" classname="com.testingTrue.OrangeHRMTest"/>
  <testcase name="fb" time="3.714" classname="com.testingTrue.FacebookTest"/>
  <testcase name="gmail" time="0.0" classname="com.testingTrue.GmailTest">
    <ignored/>
  </testcase> <!-- gmail -->
  <testcase name="ihg" time="0.0" classname="com.testingTrue.IHGTest">
    <ignored/>
  </testcase> <!-- ihg -->
</testsuite> <!-- Test -->
