<?xml version="1.0" encoding="UTF-8"?>
<testng-results skipped="0" failed="0" total="1" passed="1">
  <reporter-output>
  </reporter-output>
  <suite name="Default suite" duration-ms="15966" started-at="2023-10-17T21:14:37Z" finished-at="2023-10-17T21:14:53Z">
    <groups>
    </groups>
    <test name="Default test" duration-ms="15966" started-at="2023-10-17T21:14:37Z" finished-at="2023-10-17T21:14:53Z">
      <class name="com.reports.HRMReports">
        <test-method status="PASS" signature="begin()[pri:0, instance:com.reports.HRMReports@49993335]" name="begin" is-config="true" duration-ms="95" started-at="2023-10-17T17:14:37Z" finished-at="2023-10-17T17:14:37Z">
          <reporter-output>
          </reporter-output>
        </test-method> <!-- begin -->
        <test-method status="PASS" signature="hrm()[pri:0, instance:com.reports.HRMReports@49993335]" name="hrm" duration-ms="15938" started-at="2023-10-17T17:14:37Z" finished-at="2023-10-17T17:14:53Z">
          <reporter-output>
          </reporter-output>
        </test-method> <!-- hrm -->
        <test-method status="PASS" signature="finish()[pri:0, instance:com.reports.HRMReports@49993335]" name="finish" is-config="true" duration-ms="244" started-at="2023-10-17T17:14:53Z" finished-at="2023-10-17T17:14:53Z">
          <reporter-output>
          </reporter-output>
        </test-method> <!-- finish -->
      </class> <!-- com.reports.HRMReports -->
    </test> <!-- Default test -->
  </suite> <!-- Default suite -->
</testng-results>
